<?xml version="1.0" encoding="UTF-8"?>
<!-- Generated by org.testng.reporters.JUnitReportReporter -->
<testsuite skipped="0" hostname="RAJESH" name="com.airway.qa.Demo2" tests="1" failures="0" timestamp="05 Oct 2019 16:44:50 GMT" time="0.034" errors="0">
  <testcase name="demo" time="0.034" classname="com.airway.qa.Demo2"/>
</testsuite> <!-- com.airway.qa.Demo2 -->
