<?xml version="1.0" encoding="UTF-8"?>
<!-- Generated by org.testng.reporters.JUnitReportReporter -->
<testsuite skipped="0" hostname="RAJESH" name="com.airway.qa.Demo1" tests="1" failures="0" timestamp="05 Oct 2019 16:35:33 GMT" time="0.019" errors="0">
  <testcase name="demoq" time="0.019" classname="com.airway.qa.Demo1"/>
</testsuite> <!-- com.airway.qa.Demo1 -->
